<?xml version="1.0" encoding="UTF-8"?>
<testng-results total="1" passed="1" failed="0" skipped="0">
  <reporter-output>
    <line>
      <![CDATA[open app]]>
    </line>
    <line>
      <![CDATA[login complete]]>
    </line>
    <line>
      <![CDATA[title not matched]]>
    </line>
    <line>
      <![CDATA[OrangeHRM]]>
    </line>
    <line>
      <![CDATA[logout complete]]>
    </line>
    <line>
      <![CDATA[app close]]>
    </line>
  </reporter-output>
  <suite started-at="2024-03-19T17:06:39Z" name="Default suite" finished-at="2024-03-19T17:06:50Z" duration-ms="11227">
    <groups>
    </groups>
    <test started-at="2024-03-19T17:06:39Z" name="Default test" finished-at="2024-03-19T17:06:50Z" duration-ms="11227">
      <class name="Com.hrms.Testscript.TC001">
        <test-method signature="tc001()[pri:0, instance:Com.hrms.Testscript.TC001@5b247367]" started-at="2024-03-19T22:36:39Z" name="tc001" finished-at="2024-03-19T22:36:50Z" duration-ms="11205" status="PASS">
          <reporter-output>
            <line>
              <![CDATA[open app]]>
            </line>
            <line>
              <![CDATA[login complete]]>
            </line>
            <line>
              <![CDATA[title not matched]]>
            </line>
            <line>
              <![CDATA[OrangeHRM]]>
            </line>
            <line>
              <![CDATA[logout complete]]>
            </line>
            <line>
              <![CDATA[app close]]>
            </line>
          </reporter-output>
        </test-method> <!-- tc001 -->
      </class> <!-- Com.hrms.Testscript.TC001 -->
    </test> <!-- Default test -->
  </suite> <!-- Default suite -->
</testng-results>
